2018/06/08-15:40 [main] ERROR org.springframework.boot.logging.LoggingApplicationListener- Cannot set level: DEBUG   for 'com.yc.lottery.mapper'
  2018/06/08-15:40 [main] ERROR org.springframework.boot.logging.LoggingApplicationListener- Cannot set level: WARN   for 'com.yc.lottery.controller'
  2018/06/08-15:40 [main] INFO  com.yc.lottery.Startup- Starting Startup on hongwen-PC with PID 7104 (C:\Users\hongwen\git\SpringBoot_Mybatis_Test\target\classes started by hongwen in C:\Users\hongwen\git\SpringBoot_Mybatis_Test)
  2018/06/08-15:40 [main] INFO  com.yc.lottery.Startup- No active profile set, falling back to default profiles: default
  2018/06/08-15:40 [main] INFO  org.springframework.boot.context.embedded.AnnotationConfigEmbeddedWebApplicationContext- Refreshing org.springframework.boot.context.embedded.AnnotationConfigEmbeddedWebApplicationContext@6ef888f6: startup date [Fri Jun 08 15:40:23 CST 2018]; root of context hierarchy
  2018/06/08-15:40 [main] ERROR org.springframework.boot.logging.LoggingApplicationListener- Cannot set level: DEBUG   for 'com.yc.lottery.mapper'
  2018/06/08-15:40 [main] ERROR org.springframework.boot.logging.LoggingApplicationListener- Cannot set level: WARN   for 'com.yc.lottery.controller'
  2018/06/08-15:40 [main] INFO  com.yc.lottery.Startup- Starting Startup on hongwen-PC with PID 11152 (C:\Users\hongwen\git\SpringBoot_Mybatis_Test\target\classes started by hongwen in C:\Users\hongwen\git\SpringBoot_Mybatis_Test)
  2018/06/08-15:40 [main] INFO  com.yc.lottery.Startup- No active profile set, falling back to default profiles: default
  2018/06/08-15:40 [main] INFO  org.springframework.boot.context.embedded.AnnotationConfigEmbeddedWebApplicationContext- Refreshing org.springframework.boot.context.embedded.AnnotationConfigEmbeddedWebApplicationContext@6ef888f6: startup date [Fri Jun 08 15:40:33 CST 2018]; root of context hierarchy
  2018/06/08-15:40 [main] WARN  org.springframework.context.annotation.ConfigurationClassPostProcessor- Cannot enhance @Configuration bean definition 'myBatisMapperScannerConfig' since its singleton instance has been created too early. The typical cause is a non-static @Bean method with a BeanDefinitionRegistryPostProcessor return type: Consider declaring such methods as 'static'.
  2018/06/08-15:40 [main] INFO  org.springframework.boot.context.embedded.tomcat.TomcatEmbeddedServletContainer- Tomcat initialized with port(s): 8090 (http)
  2018/06/08-15:40 [main] INFO  org.apache.catalina.core.StandardService- Starting service [Tomcat]
  2018/06/08-15:40 [main] INFO  org.apache.catalina.core.StandardEngine- Starting Servlet Engine: Apache Tomcat/8.5.23
  2018/06/08-15:40 [localhost-startStop-1] INFO  org.apache.catalina.core.ContainerBase.[Tomcat].[localhost].[/]- Initializing Spring embedded WebApplicationContext
  2018/06/08-15:40 [localhost-startStop-1] INFO  org.springframework.web.context.ContextLoader- Root WebApplicationContext: initialization completed in 2824 ms
  2018/06/08-15:40 [localhost-startStop-1] INFO  org.springframework.boot.web.servlet.ServletRegistrationBean- Mapping servlet: 'dispatcherServlet' to [/]
  2018/06/08-15:40 [localhost-startStop-1] INFO  org.springframework.boot.web.servlet.FilterRegistrationBean- Mapping filter: 'characterEncodingFilter' to: [/*]
  2018/06/08-15:40 [localhost-startStop-1] INFO  org.springframework.boot.web.servlet.FilterRegistrationBean- Mapping filter: 'hiddenHttpMethodFilter' to: [/*]
  2018/06/08-15:40 [localhost-startStop-1] INFO  org.springframework.boot.web.servlet.FilterRegistrationBean- Mapping filter: 'httpPutFormContentFilter' to: [/*]
  2018/06/08-15:40 [localhost-startStop-1] INFO  org.springframework.boot.web.servlet.FilterRegistrationBean- Mapping filter: 'requestContextFilter' to: [/*]
  2018/06/08-15:40 [main] INFO  org.springframework.web.servlet.mvc.method.annotation.RequestMappingHandlerAdapter- Looking for @ControllerAdvice: org.springframework.boot.context.embedded.AnnotationConfigEmbeddedWebApplicationContext@6ef888f6: startup date [Fri Jun 08 15:40:33 CST 2018]; root of context hierarchy
  2018/06/08-15:40 [main] INFO  org.springframework.web.servlet.mvc.method.annotation.RequestMappingHandlerMapping- Mapped "{[/lottery/query],methods=[GET]}" onto public java.util.List<com.yc.lottery.bean.SsqHistoryBlueDataBean> com.yc.lottery.controller.HistoryDataController.findUsers()
  2018/06/08-15:40 [main] INFO  org.springframework.web.servlet.mvc.method.annotation.RequestMappingHandlerMapping- Mapped "{[/user/queryUser],methods=[GET]}" onto public java.util.List<com.yc.lottery.bean.UserBean> com.yc.lottery.controller.UserController.findUserAction(com.yc.lottery.bean.UserBean)
  2018/06/08-15:40 [main] INFO  org.springframework.web.servlet.mvc.method.annotation.RequestMappingHandlerMapping- Mapped "{[/user/query],methods=[GET]}" onto public java.util.List<com.yc.lottery.bean.UserBean> com.yc.lottery.controller.UserController.findUsersAction()
  2018/06/08-15:40 [main] INFO  org.springframework.web.servlet.mvc.method.annotation.RequestMappingHandlerMapping- Mapped "{[/error]}" onto public org.springframework.http.ResponseEntity<java.util.Map<java.lang.String, java.lang.Object>> org.springframework.boot.autoconfigure.web.BasicErrorController.error(javax.servlet.http.HttpServletRequest)
  2018/06/08-15:40 [main] INFO  org.springframework.web.servlet.mvc.method.annotation.RequestMappingHandlerMapping- Mapped "{[/error],produces=[text/html]}" onto public org.springframework.web.servlet.ModelAndView org.springframework.boot.autoconfigure.web.BasicErrorController.errorHtml(javax.servlet.http.HttpServletRequest,javax.servlet.http.HttpServletResponse)
  2018/06/08-15:40 [main] INFO  org.springframework.web.servlet.handler.SimpleUrlHandlerMapping- Mapped URL path [/webjars/**] onto handler of type [class org.springframework.web.servlet.resource.ResourceHttpRequestHandler]
  2018/06/08-15:40 [main] INFO  org.springframework.web.servlet.handler.SimpleUrlHandlerMapping- Mapped URL path [/**] onto handler of type [class org.springframework.web.servlet.resource.ResourceHttpRequestHandler]
  2018/06/08-15:40 [main] INFO  org.springframework.web.servlet.handler.SimpleUrlHandlerMapping- Mapped URL path [/**/favicon.ico] onto handler of type [class org.springframework.web.servlet.resource.ResourceHttpRequestHandler]
  2018/06/08-15:40 [main] INFO  org.springframework.jmx.export.annotation.AnnotationMBeanExporter- Registering beans for JMX exposure on startup
  2018/06/08-15:40 [main] INFO  org.springframework.boot.context.embedded.tomcat.TomcatEmbeddedServletContainer- Tomcat started on port(s): 8090 (http)
  2018/06/08-15:40 [main] INFO  com.yc.lottery.Startup- Started Startup in 5.547 seconds (JVM running for 6.097)
  2018/06/08-15:40 [http-nio-127.0.0.1-8090-exec-1] INFO  org.apache.catalina.core.ContainerBase.[Tomcat].[localhost].[/]- Initializing Spring FrameworkServlet 'dispatcherServlet'
  2018/06/08-15:40 [http-nio-127.0.0.1-8090-exec-1] INFO  org.springframework.web.servlet.DispatcherServlet- FrameworkServlet 'dispatcherServlet': initialization started
  2018/06/08-15:40 [http-nio-127.0.0.1-8090-exec-1] INFO  org.springframework.web.servlet.DispatcherServlet- FrameworkServlet 'dispatcherServlet': initialization completed in 27 ms
  